<?xml version="1.0" encoding="UTF-8"?>
<!-- Generated by org.testng.reporters.JUnitXMLReporter -->
<testsuite ignored="0" hostname="DESKTOP-7S7LCUO" failures="2" tests="13" name="Test" time="201.03" errors="0" timestamp="2023-11-23T15:53:14 IST">
  <testcase classname="testCases.SearchTest" name="searchItemsWithKeyword" time="5.088"/>
  <testcase classname="testCases.SearchTest" name="searchItemsWithKeyNumbers" time="3.263"/>
  <testcase classname="testCases.SearchTest" name="searchButtonIsDisabledWhenWeDontEnterAnyValue" time="0.091"/>
  <testcase classname="testCases.SearchTest" name="searchBtnIsWokringFineWhenWeEnterWrongInp" time="4.872"/>
  <testcase classname="testCases.NavBarButtonsTest" name="checkhomebutton" time="2.788"/>
  <testcase classname="testCases.NavBarButtonsTest" name="checkAboutButton" time="2.989"/>
  <testcase classname="testCases.NavBarButtonsTest" name="checkBlog" time="3.316"/>
  <testcase classname="testCases.NavBarButtonsTest" name="checkContact" time="2.551"/>
  <testcase classname="testCases.NavBarButtonsTest" name="checkShippingST" time="3.295"/>
  <testcase classname="testCases.CartTestCases" name="Quantity" time="1.986"/>
  <testcase classname="testCases.CartTestCases" name="cartLogo" time="4.1"/>
  <testcase classname="testCases.CartTestCases" name="cartTest1" time="3.055">
    <failure type="java.lang.AssertionError" message="expected [Shopping Cart] but found [AllParts Equipment &amp;amp; Accessories OEM Quality Replacement Parts]">
      <![CDATA[java.lang.AssertionError: expected [Shopping Cart] but found [AllParts Equipment & Accessories OEM Quality Replacement Parts]
at utilities.CommonMethods.verifyTitle(CommonMethods.java:10)
at pageObjects.Cart.clickcart(Cart.java:47)
at testCases.CartTestCases.cartTest1(CartTestCases.java:22)
at java.base/java.util.ArrayList.forEach(ArrayList.java:1511)
... Removed 33 stack frames]]>
    </failure>
  </testcase> <!-- cartTest1 -->
  <testcase classname="testCases.CartTestCases" name="checkProductDeletion" time="24.091">
    <failure type="org.openqa.selenium.TimeoutException" message="Expected condition failed: waiting for element to be clickable: Proxy element for: DefaultElementLocator &amp;apos;By.xpath: //a[@aria-label=&amp;apos;Mini Cart&amp;apos;]//span[@class=&amp;apos;counter qty&amp;apos;]&amp;apos; (tried for 20 second(s) with 500 milliseconds interval)">
      <![CDATA[org.openqa.selenium.TimeoutException: Expected condition failed: waiting for element to be clickable: Proxy element for: DefaultElementLocator 'By.xpath: //a[@aria-label='Mini Cart']//span[@class='counter qty']' (tried for 20 second(s) with 500 milliseconds interval)
at org.openqa.selenium.support.ui.WebDriverWait.timeoutException(WebDriverWait.java:84)
at org.openqa.selenium.support.ui.FluentWait.until(FluentWait.java:230)
at pageObjects.Cart.checkProductDeletion(Cart.java:68)
at testCases.CartTestCases.checkProductDeletion(CartTestCases.java:39)
at java.base/java.util.ArrayList.forEach(ArrayList.java:1511)
Caused by: org.openqa.selenium.NoSuchElementException: Unable to locate element: //a[@aria-label='Mini Cart']//span[@class='counter qty']
For documentation on this error, please visit: https://www.selenium.dev/documentation/webdriver/troubleshooting/errors#no-such-element-exception
Build info: version: '4.12.1', revision: '8e34639b11'
System info: os.name: 'Windows 10', os.arch: 'amd64', os.version: '10.0', java.version: '17.0.7'
Driver info: org.openqa.selenium.firefox.FirefoxDriver
Command: [a54ae4fa-60cc-4827-a3b7-50eec98dadd9, findElement {using=xpath, value=//a[@aria-label='Mini Cart']//span[@class='counter qty']}]
Capabilities {acceptInsecureCerts: true, browserName: firefox, browserVersion: 120.0, moz:accessibilityChecks: false, moz:buildID: 20231116134553, moz:debuggerAddress: 127.0.0.1:34228, moz:geckodriverVersion: 0.33.0, moz:headless: false, moz:platformVersion: 10.0, moz:processID: 20916, moz:profile: C:\Users\Hustler\AppData\Lo..., moz:shutdownTimeout: 60000, moz:webdriverClick: true, moz:windowless: false, pageLoadStrategy: normal, platformName: windows, proxy: Proxy(), se:cdp: ws://127.0.0.1:34228/devtoo..., se:cdpVersion: 85.0, setWindowRect: true, strictFileInteractability: false, timeouts: {implicit: 0, pageLoad: 300000, script: 30000}, unhandledPromptBehavior: dismiss and notify}
Session ID: a54ae4fa-60cc-4827-a3b7-50eec98dadd9
at org.openqa.selenium.remote.codec.w3c.W3CHttpResponseCodec.createException(W3CHttpResponseCodec.java:200)
at org.openqa.selenium.remote.codec.w3c.W3CHttpResponseCodec.decode(W3CHttpResponseCodec.java:133)
at org.openqa.selenium.remote.codec.w3c.W3CHttpResponseCodec.decode(W3CHttpResponseCodec.java:52)
at org.openqa.selenium.remote.HttpCommandExecutor.execute(HttpCommandExecutor.java:191)
at org.openqa.selenium.remote.service.DriverCommandExecutor.invokeExecute(DriverCommandExecutor.java:196)
at org.openqa.selenium.remote.service.DriverCommandExecutor.execute(DriverCommandExecutor.java:171)
at org.openqa.selenium.remote.RemoteWebDriver.execute(RemoteWebDriver.java:602)
at org.openqa.selenium.remote.ElementLocation$ElementFinder$2.findElement(ElementLocation.java:165)
at org.openqa.selenium.remote.ElementLocation.findElement(ElementLocation.java:59)
at org.openqa.selenium.remote.RemoteWebDriver.findElement(RemoteWebDriver.java:359)
at org.openqa.selenium.remote.RemoteWebDriver.findElement(RemoteWebDriver.java:353)
at org.openqa.selenium.support.pagefactory.DefaultElementLocator.findElement(DefaultElementLocator.java:68)
at org.openqa.selenium.support.pagefactory.internal.LocatingElementHandler.invoke(LocatingElementHandler.java:38)
at jdk.proxy2/jdk.proxy2.$Proxy27.isDisplayed(Unknown Source)
at org.openqa.selenium.support.ui.ExpectedConditions.elementIfVisible(ExpectedConditions.java:304)
at org.openqa.selenium.support.ui.ExpectedConditions.access$000(ExpectedConditions.java:37)
at org.openqa.selenium.support.ui.ExpectedConditions$10.apply(ExpectedConditions.java:290)
at org.openqa.selenium.support.ui.ExpectedConditions$10.apply(ExpectedConditions.java:287)
at org.openqa.selenium.support.ui.ExpectedConditions$23.apply(ExpectedConditions.java:656)
at org.openqa.selenium.support.ui.ExpectedConditions$23.apply(ExpectedConditions.java:652)
at org.openqa.selenium.support.ui.FluentWait.until(FluentWait.java:205)
... 30 more
... Removed 31 stack frames]]>
    </failure>
  </testcase> <!-- checkProductDeletion -->
</testsuite> <!-- Test -->
